<?xml version="1.0" encoding="utf-8" standalone="no"?>
<test-results xmlns:xsi="http://www.w3.org/2001/XMLSchema-instance" xsi:noNamespaceSchemaLocation="nunit_schema_2.5.xsd" name="Pester" total="1" errors="0" failures="1" not-run="0" inconclusive="0" ignored="0" skipped="0" invalid="0" date="2018-10-06" time="17:00:44">
  <environment user="laure" machine-name="OTHALA" cwd="C:\Users\laure\Dropbox\01-DEV\Powershell\Powershell\plaster-template\CompleteModule\Build" user-domain="OTHALA" platform="Microsoft Windows 10 Entreprise Insider Preview|C:\WINDOWS|\Device\Harddisk0\Partition2" nunit-version="2.5.8.0" os-version="10.0.18252" clr-version="4.0.30319.42000" />
  <culture-info current-culture="fr-FR" current-uiculture="fr-FR" />
  <test-suite type="Powershell" name="Pester" executed="True" result="Failure" success="False" time="0.2961" asserts="0">
    <results>
      <test-suite type="TestFixture" name="Error in C:\Users\laure\Dropbox\01-DEV\Powershell\Powershell\plaster-template\CompleteModule\Pester\Manifest.Tests.ps1" executed="True" result="Failure" success="False" time="0.2961" asserts="0" description="Error in C:\Users\laure\Dropbox\01-DEV\Powershell\Powershell\plaster-template\CompleteModule\Pester\Manifest.Tests.ps1">
        <results>
          <test-case description="Error occurred in test script 'C:\Users\laure\Dropbox\01-DEV\Powershell\Powershell\plaster-template\CompleteModule\Pester\Manifest.Tests.ps1'" name="Error in C:\Users\laure\Dropbox\01-DEV\Powershell\Powershell\plaster-template\CompleteModule\Pester\Manifest.Tests.ps1.Error occurred in test script 'C:\Users\laure\Dropbox\01-DEV\Powershell\Powershell\plaster-template\CompleteModule\Pester\Manifest.Tests.ps1'" time="0.2961" asserts="0" success="False" result="Failure" executed="True">
            <failure>
              <message>Impossible de lier l'argument au paramètre « Name », car il a la valeur Null.</message>
              <stack-trace>à &lt;ScriptBlock&gt;, C:\Users\laure\Dropbox\01-DEV\Powershell\Powershell\plaster-template\CompleteModule\Pester\Manifest.Tests.ps1 : ligne 9</stack-trace>
            </failure>
          </test-case>
        </results>
      </test-suite>
    </results>
  </test-suite>
</test-results>